<?xml version="1.0" encoding="UTF-8"?>
<testng-results skipped="0" failed="1" ignored="0" total="4" passed="3">
  <reporter-output>
  </reporter-output>
  <suite name="Default suite" duration-ms="47412" started-at="2018-06-19T06:04:42Z" finished-at="2018-06-19T06:05:29Z">
    <groups>
    </groups>
    <test name="Default test" duration-ms="47412" started-at="2018-06-19T06:04:42Z" finished-at="2018-06-19T06:05:29Z">
      <class name="uitest.AmazonTest">
        <test-method status="PASS" signature="setup()[pri:0, instance:uitest.AmazonTest@91161c7]" name="setup" is-config="true" duration-ms="7418" started-at="2018-06-19T06:04:42Z" finished-at="2018-06-19T06:04:49Z">
          <reporter-output>
          </reporter-output>
        </test-method> <!-- setup -->
        <test-method status="PASS" signature="loginIntoAmazon()[pri:1, instance:uitest.AmazonTest@91161c7]" name="loginIntoAmazon" duration-ms="9333" started-at="2018-06-19T06:04:49Z" finished-at="2018-06-19T06:04:58Z">
          <reporter-output>
          </reporter-output>
        </test-method> <!-- loginIntoAmazon -->
        <test-method status="FAIL" signature="searchForTheProduct()[pri:2, instance:uitest.AmazonTest@91161c7]" name="searchForTheProduct" duration-ms="8846" started-at="2018-06-19T06:04:58Z" finished-at="2018-06-19T06:05:07Z">
          <exception class="java.lang.AssertionError">
            <message>
              <![CDATA[search failed expected [true] but found [false]]]>
            </message>
            <full-stacktrace>
              <![CDATA[java.lang.AssertionError: search failed expected [true] but found [false]
at org.testng.Assert.fail(Assert.java:96)
at org.testng.Assert.failNotEquals(Assert.java:776)
at org.testng.Assert.assertEqualsImpl(Assert.java:137)
at org.testng.Assert.assertEquals(Assert.java:118)
at org.testng.Assert.assertEquals(Assert.java:568)
at uitest.AmazonTest.searchForTheProduct(AmazonTest.java:74)
at sun.reflect.NativeMethodAccessorImpl.invoke0(Native Method)
at sun.reflect.NativeMethodAccessorImpl.invoke(Unknown Source)
at sun.reflect.DelegatingMethodAccessorImpl.invoke(Unknown Source)
at java.lang.reflect.Method.invoke(Unknown Source)
at org.testng.internal.MethodInvocationHelper.invokeMethod(MethodInvocationHelper.java:124)
at org.testng.internal.Invoker.invokeMethod(Invoker.java:583)
at org.testng.internal.Invoker.invokeTestMethod(Invoker.java:719)
at org.testng.internal.Invoker.invokeTestMethods(Invoker.java:989)
at org.testng.internal.TestMethodWorker.invokeTestMethods(TestMethodWorker.java:125)
at org.testng.internal.TestMethodWorker.run(TestMethodWorker.java:109)
at org.testng.TestRunner.privateRun(TestRunner.java:648)
at org.testng.TestRunner.run(TestRunner.java:505)
at org.testng.SuiteRunner.runTest(SuiteRunner.java:455)
at org.testng.SuiteRunner.runSequentially(SuiteRunner.java:450)
at org.testng.SuiteRunner.privateRun(SuiteRunner.java:415)
at org.testng.SuiteRunner.run(SuiteRunner.java:364)
at org.testng.SuiteRunnerWorker.runSuite(SuiteRunnerWorker.java:52)
at org.testng.SuiteRunnerWorker.run(SuiteRunnerWorker.java:84)
at org.testng.TestNG.runSuitesSequentially(TestNG.java:1208)
at org.testng.TestNG.runSuitesLocally(TestNG.java:1137)
at org.testng.TestNG.runSuites(TestNG.java:1049)
at org.testng.TestNG.run(TestNG.java:1017)
at org.testng.remote.AbstractRemoteTestNG.run(AbstractRemoteTestNG.java:114)
at org.testng.remote.RemoteTestNG.initAndRun(RemoteTestNG.java:251)
at org.testng.remote.RemoteTestNG.main(RemoteTestNG.java:77)
]]>
            </full-stacktrace>
          </exception> <!-- java.lang.AssertionError -->
          <reporter-output>
          </reporter-output>
        </test-method> <!-- searchForTheProduct -->
        <test-method status="PASS" signature="addingToCart()[pri:3, instance:uitest.AmazonTest@91161c7]" name="addingToCart" duration-ms="7185" started-at="2018-06-19T06:05:07Z" finished-at="2018-06-19T06:05:14Z">
          <reporter-output>
          </reporter-output>
        </test-method> <!-- addingToCart -->
        <test-method status="PASS" signature="deliveryAndPayment()[pri:4, instance:uitest.AmazonTest@91161c7]" name="deliveryAndPayment" duration-ms="13813" started-at="2018-06-19T06:05:14Z" finished-at="2018-06-19T06:05:28Z">
          <reporter-output>
          </reporter-output>
        </test-method> <!-- deliveryAndPayment -->
        <test-method status="PASS" signature="afterMethod()[pri:0, instance:uitest.AmazonTest@91161c7]" name="afterMethod" is-config="true" duration-ms="795" started-at="2018-06-19T06:05:28Z" finished-at="2018-06-19T06:05:29Z">
          <reporter-output>
          </reporter-output>
        </test-method> <!-- afterMethod -->
      </class> <!-- uitest.AmazonTest -->
    </test> <!-- Default test -->
  </suite> <!-- Default suite -->
</testng-results>
